This file contains any messages produced by compilers while
running configure, to aid debugging if configure makes a mistake.

It was created by libdecaf configure 0.9.4, which was
generated by GNU Autoconf 2.69.  Invocation command line was

  $ ./configure 

## --------- ##
## Platform. ##
## --------- ##

hostname = krion.cc
uname -m = amd64
uname -r = 12.0-CURRENT
uname -s = FreeBSD
uname -v = FreeBSD 12.0-CURRENT #0 r326734: Sat Dec  9 20:30:43 CET 2017     root@krion.cc:/usr/obj/usr/src/amd64.amd64/sys/VEIN-NODEBUG 

/usr/bin/uname -p = amd64
/bin/uname -X     = unknown

/bin/arch              = unknown
/usr/bin/arch -k       = unknown
/usr/convex/getsysinfo = unknown
/usr/bin/hostinfo      = unknown
/bin/machine           = unknown
/usr/bin/oslevel       = unknown
/bin/universe          = unknown

PATH: /home/krion/Library/Python/2.7/bin
PATH: /sbin
PATH: /bin
PATH: /usr/sbin
PATH: /opt/local/sbin
PATH: /opt/local/bin
PATH: /usr/bin
PATH: /ports/Tools/scripts
PATH: /usr/local/bin
PATH: /usr/local/sbin
PATH: /home/krion/bin


## ----------- ##
## Core tests. ##
## ----------- ##

configure:2304: checking for a BSD-compatible install
configure:2372: result: /usr/bin/install -c
configure:2383: checking whether build environment is sane
configure:2438: result: yes
configure:2589: checking for a thread-safe mkdir -p
configure:2628: result: ./install-sh -c -d
configure:2635: checking for gawk
configure:2651: found /usr/local/bin/gawk
configure:2662: result: gawk
configure:2673: checking whether make sets $(MAKE)
configure:2695: result: yes
configure:2724: checking whether make supports nested variables
configure:2741: result: yes
configure:2934: checking for g++
configure:2964: result: no
configure:2934: checking for c++
configure:2950: found /usr/bin/c++
configure:2961: result: c++
configure:2988: checking for C++ compiler version
configure:2997: c++ --version >&5
FreeBSD clang version 5.0.1 (branches/release_50 319231) (based on LLVM 5.0.1)
Target: x86_64-unknown-freebsd12.0
Thread model: posix
InstalledDir: /usr/bin
configure:3008: $? = 0
configure:2997: c++ -v >&5
FreeBSD clang version 5.0.1 (branches/release_50 319231) (based on LLVM 5.0.1)
Target: x86_64-unknown-freebsd12.0
Thread model: posix
InstalledDir: /usr/bin
configure:3008: $? = 0
configure:2997: c++ -V >&5
c++: error: argument to '-V' is missing (expected 1 value)
c++: error: no input files
configure:3008: $? = 1
configure:2997: c++ -qversion >&5
c++: error: unknown argument: '-qversion'
c++: error: no input files
configure:3008: $? = 1
configure:3028: checking whether the C++ compiler works
configure:3050: c++    conftest.cpp  >&5
configure:3054: $? = 0
configure:3102: result: yes
configure:3105: checking for C++ compiler default output file name
configure:3107: result: a.out
configure:3113: checking for suffix of executables
configure:3120: c++ -o conftest    conftest.cpp  >&5
configure:3124: $? = 0
configure:3146: result: 
configure:3168: checking whether we are cross compiling
configure:3176: c++ -o conftest    conftest.cpp  >&5
configure:3180: $? = 0
configure:3187: ./conftest
configure:3191: $? = 0
configure:3206: result: no
configure:3211: checking for suffix of object files
configure:3233: c++ -c   conftest.cpp >&5
configure:3237: $? = 0
configure:3258: result: o
configure:3262: checking whether we are using the GNU C++ compiler
configure:3281: c++ -c   conftest.cpp >&5
configure:3281: $? = 0
configure:3290: result: yes
configure:3299: checking whether c++ accepts -g
configure:3319: c++ -c -g  conftest.cpp >&5
configure:3319: $? = 0
configure:3360: result: yes
configure:3394: checking for style of include used by make
configure:3422: result: GNU
configure:3448: checking dependency style of c++
configure:3559: result: none
configure:3622: checking for gcc
configure:3652: result: no
configure:3715: checking for cc
configure:3736: found /usr/bin/cc
configure:3759: result: cc
configure:3878: checking for C compiler version
configure:3887: cc --version >&5
FreeBSD clang version 5.0.1 (branches/release_50 319231) (based on LLVM 5.0.1)
Target: x86_64-unknown-freebsd12.0
Thread model: posix
InstalledDir: /usr/bin
configure:3898: $? = 0
configure:3887: cc -v >&5
FreeBSD clang version 5.0.1 (branches/release_50 319231) (based on LLVM 5.0.1)
Target: x86_64-unknown-freebsd12.0
Thread model: posix
InstalledDir: /usr/bin
configure:3898: $? = 0
configure:3887: cc -V >&5
cc: error: argument to '-V' is missing (expected 1 value)
cc: error: no input files
configure:3898: $? = 1
configure:3887: cc -qversion >&5
cc: error: unknown argument: '-qversion'
cc: error: no input files
configure:3898: $? = 1
configure:3902: checking whether we are using the GNU C compiler
configure:3921: cc -c   conftest.c >&5
configure:3921: $? = 0
configure:3930: result: yes
configure:3939: checking whether cc accepts -g
configure:3959: cc -c -g  conftest.c >&5
configure:3959: $? = 0
configure:4000: result: yes
configure:4017: checking for cc option to accept ISO C89
configure:4080: cc  -c -g -O2  conftest.c >&5
configure:4080: $? = 0
configure:4093: result: none needed
configure:4118: checking whether cc understands -c and -o together
configure:4140: cc -c conftest.c -o conftest2.o
configure:4143: $? = 0
configure:4140: cc -c conftest.c -o conftest2.o
configure:4143: $? = 0
configure:4155: result: yes
configure:4174: checking dependency style of cc
configure:4285: result: none
configure:4300: checking whether ln -s works
configure:4304: result: yes
configure:4311: checking whether make sets $(MAKE)
configure:4333: result: yes
configure:4346: checking for main in -lc
configure:4365: cc -o conftest -g -O2   conftest.c -lc   >&5
configure:4365: $? = 0
configure:4374: result: yes
configure:4386: checking for main in -ldecaf
configure:4405: cc -o conftest -g -O2   conftest.c -ldecaf  -lc  >&5
/usr/bin/ld: cannot find -ldecaf
cc: error: linker command failed with exit code 1 (use -v to see invocation)
configure:4405: $? = 1
configure: failed program was:
| /* confdefs.h */
| #define PACKAGE_NAME "libdecaf"
| #define PACKAGE_TARNAME "libdecaf"
| #define PACKAGE_VERSION "0.9.4"
| #define PACKAGE_STRING "libdecaf 0.9.4"
| #define PACKAGE_BUGREPORT "krion@FreeBSD.org"
| #define PACKAGE_URL ""
| #define PACKAGE "libdecaf"
| #define VERSION "0.9.4"
| #define COMPILE_ARGS ""
| #define HAVE_LIBC 1
| /* end confdefs.h.  */
| 
| 
| int
| main ()
| {
| return main ();
|   ;
|   return 0;
| }
configure:4414: result: no
configure:4430: checking whether to enable debugging compiler options
configure:4448: result: no
configure:4455: checking whether to relax compiler optimizations
configure:4472: result: no
configure:4479: checking whether to disable linking against shared objects
configure:4546: result: no
configure:4548: checking for dlopen
configure:4548: cc -o conftest -O2 -g -O2   conftest.c -lc  >&5
configure:4548: $? = 0
configure:4548: result: yes
configure:4553: checking for dlopen in -ldl
configure:4578: cc -o conftest -O2 -g -O2   conftest.c -ldl  -lc  >&5
/usr/bin/ld: cannot find -ldl
cc: error: linker command failed with exit code 1 (use -v to see invocation)
configure:4578: $? = 1
configure: failed program was:
| /* confdefs.h */
| #define PACKAGE_NAME "libdecaf"
| #define PACKAGE_TARNAME "libdecaf"
| #define PACKAGE_VERSION "0.9.4"
| #define PACKAGE_STRING "libdecaf 0.9.4"
| #define PACKAGE_BUGREPORT "krion@FreeBSD.org"
| #define PACKAGE_URL ""
| #define PACKAGE "libdecaf"
| #define VERSION "0.9.4"
| #define COMPILE_ARGS ""
| #define HAVE_LIBC 1
| /* end confdefs.h.  */
| 
| /* Override any GCC internal prototype to avoid an error.
|    Use char because int might match the return type of a GCC
|    builtin and then its argument prototype would still apply.  */
| #ifdef __cplusplus
| extern "C"
| #endif
| char dlopen ();
| int
| main ()
| {
| return dlopen ();
|   ;
|   return 0;
| }
configure:4587: result: no
configure:4623: checking for gmake
configure:4639: found /usr/local/bin/gmake
configure:4650: result: gmake
configure:4698: checking whether gmake sets $(MAKE)
configure:4720: result: yes
configure:4730: checking for __progname
configure:4743: cc -o conftest -O2 -g -O2   conftest.c -lc  >&5
configure:4743: $? = 0
configure:4744: result: yes
configure:4755: checking for extra flags needed to export symbols
configure:4771: cc -o conftest -O2 -g -O2  -Wl,--export-dynamic  conftest.c -lc  >&5
configure:4771: $? = 0
configure:4772: result: --export-dynamic
configure:4808: checking for static inline
configure:4828: cc -c -O2 -g -O2  conftest.c >&5
conftest.c:16:15: warning: type specifier missing, defaults to 'int' [-Wimplicit-int]
static inline func()
~~~~~~~~~~~~~ ^
conftest.c:18:1: warning: control reaches end of non-void function [-Wreturn-type]
}
^
2 warnings generated.
configure:4828: $? = 0
configure:4829: result: yes
configure:4840: checking endianess
configure:4858: cc -o conftest -O2 -g -O2  -Wl,--export-dynamic  conftest.c -lc  >&5
conftest.c:14:1: warning: type specifier missing, defaults to 'int' [-Wimplicit-int]
main () {
^
conftest.c:22:3: warning: implicitly declaring library function 'exit' with type 'void (int) __attribute__((noreturn))' [-Wimplicit-function-declaration]
  exit (u.c[sizeof (long) - 1] == 1);
  ^
conftest.c:22:3: note: include the header <stdlib.h> or explicitly provide a declaration for 'exit'
2 warnings generated.
configure:4858: $? = 0
configure:4858: ./conftest
configure:4858: $? = 0
configure:4867: result: little
configure:4892: checking unaligned accesses
configure:4929: result: ok
configure:4944: checking how to run the C preprocessor
configure:4975: cc -E  conftest.c
configure:4975: $? = 0
configure:4989: cc -E  conftest.c
conftest.c:15:10: fatal error: 'ac_nonexistent.h' file not found
#include <ac_nonexistent.h>
         ^~~~~~~~~~~~~~~~~~
1 error generated.
configure:4989: $? = 1
configure: failed program was:
| /* confdefs.h */
| #define PACKAGE_NAME "libdecaf"
| #define PACKAGE_TARNAME "libdecaf"
| #define PACKAGE_VERSION "0.9.4"
| #define PACKAGE_STRING "libdecaf 0.9.4"
| #define PACKAGE_BUGREPORT "krion@FreeBSD.org"
| #define PACKAGE_URL ""
| #define PACKAGE "libdecaf"
| #define VERSION "0.9.4"
| #define COMPILE_ARGS ""
| #define HAVE_LIBC 1
| #define PROGNAME 1
| #define IM_LITTLE_ENDIAN 1
| /* end confdefs.h.  */
| #include <ac_nonexistent.h>
configure:5014: result: cc -E
configure:5034: cc -E  conftest.c
configure:5034: $? = 0
configure:5048: cc -E  conftest.c
conftest.c:15:10: fatal error: 'ac_nonexistent.h' file not found
#include <ac_nonexistent.h>
         ^~~~~~~~~~~~~~~~~~
1 error generated.
configure:5048: $? = 1
configure: failed program was:
| /* confdefs.h */
| #define PACKAGE_NAME "libdecaf"
| #define PACKAGE_TARNAME "libdecaf"
| #define PACKAGE_VERSION "0.9.4"
| #define PACKAGE_STRING "libdecaf 0.9.4"
| #define PACKAGE_BUGREPORT "krion@FreeBSD.org"
| #define PACKAGE_URL ""
| #define PACKAGE "libdecaf"
| #define VERSION "0.9.4"
| #define COMPILE_ARGS ""
| #define HAVE_LIBC 1
| #define PROGNAME 1
| #define IM_LITTLE_ENDIAN 1
| /* end confdefs.h.  */
| #include <ac_nonexistent.h>
configure:5077: checking for grep that handles long lines and -e
configure:5135: result: /usr/bin/grep
configure:5140: checking for egrep
configure:5202: result: /usr/bin/grep -E
configure:5207: checking for ANSI C header files
configure:5227: cc -c -O2 -g -O2  conftest.c >&5
configure:5227: $? = 0
configure:5300: cc -o conftest -O2 -g -O2  -Wl,--export-dynamic  conftest.c -lc  >&5
configure:5300: $? = 0
configure:5300: ./conftest
configure:5300: $? = 0
configure:5311: result: yes
configure:5324: checking for sys/types.h
configure:5324: cc -c -O2 -g -O2  conftest.c >&5
configure:5324: $? = 0
configure:5324: result: yes
configure:5324: checking for sys/stat.h
configure:5324: cc -c -O2 -g -O2  conftest.c >&5
configure:5324: $? = 0
configure:5324: result: yes
configure:5324: checking for stdlib.h
configure:5324: cc -c -O2 -g -O2  conftest.c >&5
configure:5324: $? = 0
configure:5324: result: yes
configure:5324: checking for string.h
configure:5324: cc -c -O2 -g -O2  conftest.c >&5
configure:5324: $? = 0
configure:5324: result: yes
configure:5324: checking for memory.h
configure:5324: cc -c -O2 -g -O2  conftest.c >&5
configure:5324: $? = 0
configure:5324: result: yes
configure:5324: checking for strings.h
configure:5324: cc -c -O2 -g -O2  conftest.c >&5
configure:5324: $? = 0
configure:5324: result: yes
configure:5324: checking for inttypes.h
configure:5324: cc -c -O2 -g -O2  conftest.c >&5
configure:5324: $? = 0
configure:5324: result: yes
configure:5324: checking for stdint.h
configure:5324: cc -c -O2 -g -O2  conftest.c >&5
configure:5324: $? = 0
configure:5324: result: yes
configure:5324: checking for unistd.h
configure:5324: cc -c -O2 -g -O2  conftest.c >&5
configure:5324: $? = 0
configure:5324: result: yes
configure:5339: checking fcntl.h usability
configure:5339: cc -c -O2 -g -O2  conftest.c >&5
configure:5339: $? = 0
configure:5339: result: yes
configure:5339: checking fcntl.h presence
configure:5339: cc -E  conftest.c
configure:5339: $? = 0
configure:5339: result: yes
configure:5339: checking for fcntl.h
configure:5339: result: yes
configure:5339: checking for inttypes.h
configure:5339: result: yes
configure:5339: checking limits.h usability
configure:5339: cc -c -O2 -g -O2  conftest.c >&5
configure:5339: $? = 0
configure:5339: result: yes
configure:5339: checking limits.h presence
configure:5339: cc -E  conftest.c
configure:5339: $? = 0
configure:5339: result: yes
configure:5339: checking for limits.h
configure:5339: result: yes
configure:5339: checking for stdint.h
configure:5339: result: yes
configure:5339: checking for stdlib.h
configure:5339: result: yes
configure:5339: checking for string.h
configure:5339: result: yes
configure:5339: checking sys/param.h usability
configure:5339: cc -c -O2 -g -O2  conftest.c >&5
configure:5339: $? = 0
configure:5339: result: yes
configure:5339: checking sys/param.h presence
configure:5339: cc -E  conftest.c
configure:5339: $? = 0
configure:5339: result: yes
configure:5339: checking for sys/param.h
configure:5339: result: yes
configure:5339: checking sys/time.h usability
configure:5339: cc -c -O2 -g -O2  conftest.c >&5
configure:5339: $? = 0
configure:5339: result: yes
configure:5339: checking sys/time.h presence
configure:5339: cc -E  conftest.c
configure:5339: $? = 0
configure:5339: result: yes
configure:5339: checking for sys/time.h
configure:5339: result: yes
configure:5339: checking for unistd.h
configure:5339: result: yes
configure:5350: checking for u_int64_t
configure:5350: cc -c -O2 -g -O2  conftest.c >&5
configure:5350: $? = 0
configure:5350: cc -c -O2 -g -O2  conftest.c >&5
conftest.c:70:24: error: expected expression
if (sizeof ((u_int64_t)))
                       ^
1 error generated.
configure:5350: $? = 1
configure: failed program was:
| /* confdefs.h */
| #define PACKAGE_NAME "libdecaf"
| #define PACKAGE_TARNAME "libdecaf"
| #define PACKAGE_VERSION "0.9.4"
| #define PACKAGE_STRING "libdecaf 0.9.4"
| #define PACKAGE_BUGREPORT "krion@FreeBSD.org"
| #define PACKAGE_URL ""
| #define PACKAGE "libdecaf"
| #define VERSION "0.9.4"
| #define COMPILE_ARGS ""
| #define HAVE_LIBC 1
| #define PROGNAME 1
| #define IM_LITTLE_ENDIAN 1
| #define STDC_HEADERS 1
| #define HAVE_SYS_TYPES_H 1
| #define HAVE_SYS_STAT_H 1
| #define HAVE_STDLIB_H 1
| #define HAVE_STRING_H 1
| #define HAVE_MEMORY_H 1
| #define HAVE_STRINGS_H 1
| #define HAVE_INTTYPES_H 1
| #define HAVE_STDINT_H 1
| #define HAVE_UNISTD_H 1
| #define HAVE_FCNTL_H 1
| #define HAVE_INTTYPES_H 1
| #define HAVE_LIMITS_H 1
| #define HAVE_STDINT_H 1
| #define HAVE_STDLIB_H 1
| #define HAVE_STRING_H 1
| #define HAVE_SYS_PARAM_H 1
| #define HAVE_SYS_TIME_H 1
| #define HAVE_UNISTD_H 1
| /* end confdefs.h.  */
| #include <stdio.h>
| #ifdef HAVE_SYS_TYPES_H
| # include <sys/types.h>
| #endif
| #ifdef HAVE_SYS_STAT_H
| # include <sys/stat.h>
| #endif
| #ifdef STDC_HEADERS
| # include <stdlib.h>
| # include <stddef.h>
| #else
| # ifdef HAVE_STDLIB_H
| #  include <stdlib.h>
| # endif
| #endif
| #ifdef HAVE_STRING_H
| # if !defined STDC_HEADERS && defined HAVE_MEMORY_H
| #  include <memory.h>
| # endif
| # include <string.h>
| #endif
| #ifdef HAVE_STRINGS_H
| # include <strings.h>
| #endif
| #ifdef HAVE_INTTYPES_H
| # include <inttypes.h>
| #endif
| #ifdef HAVE_STDINT_H
| # include <stdint.h>
| #endif
| #ifdef HAVE_UNISTD_H
| # include <unistd.h>
| #endif
| int
| main ()
| {
| if (sizeof ((u_int64_t)))
| 	    return 0;
|   ;
|   return 0;
| }
configure:5350: result: yes
configure:5356: checking for u_int32_t
configure:5356: cc -c -O2 -g -O2  conftest.c >&5
configure:5356: $? = 0
configure:5356: cc -c -O2 -g -O2  conftest.c >&5
conftest.c:71:24: error: expected expression
if (sizeof ((u_int32_t)))
                       ^
1 error generated.
configure:5356: $? = 1
configure: failed program was:
| /* confdefs.h */
| #define PACKAGE_NAME "libdecaf"
| #define PACKAGE_TARNAME "libdecaf"
| #define PACKAGE_VERSION "0.9.4"
| #define PACKAGE_STRING "libdecaf 0.9.4"
| #define PACKAGE_BUGREPORT "krion@FreeBSD.org"
| #define PACKAGE_URL ""
| #define PACKAGE "libdecaf"
| #define VERSION "0.9.4"
| #define COMPILE_ARGS ""
| #define HAVE_LIBC 1
| #define PROGNAME 1
| #define IM_LITTLE_ENDIAN 1
| #define STDC_HEADERS 1
| #define HAVE_SYS_TYPES_H 1
| #define HAVE_SYS_STAT_H 1
| #define HAVE_STDLIB_H 1
| #define HAVE_STRING_H 1
| #define HAVE_MEMORY_H 1
| #define HAVE_STRINGS_H 1
| #define HAVE_INTTYPES_H 1
| #define HAVE_STDINT_H 1
| #define HAVE_UNISTD_H 1
| #define HAVE_FCNTL_H 1
| #define HAVE_INTTYPES_H 1
| #define HAVE_LIMITS_H 1
| #define HAVE_STDINT_H 1
| #define HAVE_STDLIB_H 1
| #define HAVE_STRING_H 1
| #define HAVE_SYS_PARAM_H 1
| #define HAVE_SYS_TIME_H 1
| #define HAVE_UNISTD_H 1
| #define HAVE_U_INT64_T 1
| /* end confdefs.h.  */
| #include <stdio.h>
| #ifdef HAVE_SYS_TYPES_H
| # include <sys/types.h>
| #endif
| #ifdef HAVE_SYS_STAT_H
| # include <sys/stat.h>
| #endif
| #ifdef STDC_HEADERS
| # include <stdlib.h>
| # include <stddef.h>
| #else
| # ifdef HAVE_STDLIB_H
| #  include <stdlib.h>
| # endif
| #endif
| #ifdef HAVE_STRING_H
| # if !defined STDC_HEADERS && defined HAVE_MEMORY_H
| #  include <memory.h>
| # endif
| # include <string.h>
| #endif
| #ifdef HAVE_STRINGS_H
| # include <strings.h>
| #endif
| #ifdef HAVE_INTTYPES_H
| # include <inttypes.h>
| #endif
| #ifdef HAVE_STDINT_H
| # include <stdint.h>
| #endif
| #ifdef HAVE_UNISTD_H
| # include <unistd.h>
| #endif
| int
| main ()
| {
| if (sizeof ((u_int32_t)))
| 	    return 0;
|   ;
|   return 0;
| }
configure:5356: result: yes
configure:5362: checking for u_int16_t
configure:5362: cc -c -O2 -g -O2  conftest.c >&5
configure:5362: $? = 0
configure:5362: cc -c -O2 -g -O2  conftest.c >&5
conftest.c:72:24: error: expected expression
if (sizeof ((u_int16_t)))
                       ^
1 error generated.
configure:5362: $? = 1
configure: failed program was:
| /* confdefs.h */
| #define PACKAGE_NAME "libdecaf"
| #define PACKAGE_TARNAME "libdecaf"
| #define PACKAGE_VERSION "0.9.4"
| #define PACKAGE_STRING "libdecaf 0.9.4"
| #define PACKAGE_BUGREPORT "krion@FreeBSD.org"
| #define PACKAGE_URL ""
| #define PACKAGE "libdecaf"
| #define VERSION "0.9.4"
| #define COMPILE_ARGS ""
| #define HAVE_LIBC 1
| #define PROGNAME 1
| #define IM_LITTLE_ENDIAN 1
| #define STDC_HEADERS 1
| #define HAVE_SYS_TYPES_H 1
| #define HAVE_SYS_STAT_H 1
| #define HAVE_STDLIB_H 1
| #define HAVE_STRING_H 1
| #define HAVE_MEMORY_H 1
| #define HAVE_STRINGS_H 1
| #define HAVE_INTTYPES_H 1
| #define HAVE_STDINT_H 1
| #define HAVE_UNISTD_H 1
| #define HAVE_FCNTL_H 1
| #define HAVE_INTTYPES_H 1
| #define HAVE_LIMITS_H 1
| #define HAVE_STDINT_H 1
| #define HAVE_STDLIB_H 1
| #define HAVE_STRING_H 1
| #define HAVE_SYS_PARAM_H 1
| #define HAVE_SYS_TIME_H 1
| #define HAVE_UNISTD_H 1
| #define HAVE_U_INT64_T 1
| #define HAVE_U_INT32_T 1
| /* end confdefs.h.  */
| #include <stdio.h>
| #ifdef HAVE_SYS_TYPES_H
| # include <sys/types.h>
| #endif
| #ifdef HAVE_SYS_STAT_H
| # include <sys/stat.h>
| #endif
| #ifdef STDC_HEADERS
| # include <stdlib.h>
| # include <stddef.h>
| #else
| # ifdef HAVE_STDLIB_H
| #  include <stdlib.h>
| # endif
| #endif
| #ifdef HAVE_STRING_H
| # if !defined STDC_HEADERS && defined HAVE_MEMORY_H
| #  include <memory.h>
| # endif
| # include <string.h>
| #endif
| #ifdef HAVE_STRINGS_H
| # include <strings.h>
| #endif
| #ifdef HAVE_INTTYPES_H
| # include <inttypes.h>
| #endif
| #ifdef HAVE_STDINT_H
| # include <stdint.h>
| #endif
| #ifdef HAVE_UNISTD_H
| # include <unistd.h>
| #endif
| int
| main ()
| {
| if (sizeof ((u_int16_t)))
| 	    return 0;
|   ;
|   return 0;
| }
configure:5362: result: yes
configure:5368: checking for u_int8_t
configure:5368: cc -c -O2 -g -O2  conftest.c >&5
configure:5368: $? = 0
configure:5368: cc -c -O2 -g -O2  conftest.c >&5
conftest.c:73:23: error: expected expression
if (sizeof ((u_int8_t)))
                      ^
1 error generated.
configure:5368: $? = 1
configure: failed program was:
| /* confdefs.h */
| #define PACKAGE_NAME "libdecaf"
| #define PACKAGE_TARNAME "libdecaf"
| #define PACKAGE_VERSION "0.9.4"
| #define PACKAGE_STRING "libdecaf 0.9.4"
| #define PACKAGE_BUGREPORT "krion@FreeBSD.org"
| #define PACKAGE_URL ""
| #define PACKAGE "libdecaf"
| #define VERSION "0.9.4"
| #define COMPILE_ARGS ""
| #define HAVE_LIBC 1
| #define PROGNAME 1
| #define IM_LITTLE_ENDIAN 1
| #define STDC_HEADERS 1
| #define HAVE_SYS_TYPES_H 1
| #define HAVE_SYS_STAT_H 1
| #define HAVE_STDLIB_H 1
| #define HAVE_STRING_H 1
| #define HAVE_MEMORY_H 1
| #define HAVE_STRINGS_H 1
| #define HAVE_INTTYPES_H 1
| #define HAVE_STDINT_H 1
| #define HAVE_UNISTD_H 1
| #define HAVE_FCNTL_H 1
| #define HAVE_INTTYPES_H 1
| #define HAVE_LIMITS_H 1
| #define HAVE_STDINT_H 1
| #define HAVE_STDLIB_H 1
| #define HAVE_STRING_H 1
| #define HAVE_SYS_PARAM_H 1
| #define HAVE_SYS_TIME_H 1
| #define HAVE_UNISTD_H 1
| #define HAVE_U_INT64_T 1
| #define HAVE_U_INT32_T 1
| #define HAVE_U_INT16_T 1
| /* end confdefs.h.  */
| #include <stdio.h>
| #ifdef HAVE_SYS_TYPES_H
| # include <sys/types.h>
| #endif
| #ifdef HAVE_SYS_STAT_H
| # include <sys/stat.h>
| #endif
| #ifdef STDC_HEADERS
| # include <stdlib.h>
| # include <stddef.h>
| #else
| # ifdef HAVE_STDLIB_H
| #  include <stdlib.h>
| # endif
| #endif
| #ifdef HAVE_STRING_H
| # if !defined STDC_HEADERS && defined HAVE_MEMORY_H
| #  include <memory.h>
| # endif
| # include <string.h>
| #endif
| #ifdef HAVE_STRINGS_H
| # include <strings.h>
| #endif
| #ifdef HAVE_INTTYPES_H
| # include <inttypes.h>
| #endif
| #ifdef HAVE_STDINT_H
| # include <stdint.h>
| #endif
| #ifdef HAVE_UNISTD_H
| # include <unistd.h>
| #endif
| int
| main ()
| {
| if (sizeof ((u_int8_t)))
| 	    return 0;
|   ;
|   return 0;
| }
configure:5368: result: yes
configure:5374: checking for uint64_t
configure:5374: cc -c -O2 -g -O2  conftest.c >&5
configure:5374: $? = 0
configure:5374: cc -c -O2 -g -O2  conftest.c >&5
conftest.c:74:23: error: expected expression
if (sizeof ((uint64_t)))
                      ^
1 error generated.
configure:5374: $? = 1
configure: failed program was:
| /* confdefs.h */
| #define PACKAGE_NAME "libdecaf"
| #define PACKAGE_TARNAME "libdecaf"
| #define PACKAGE_VERSION "0.9.4"
| #define PACKAGE_STRING "libdecaf 0.9.4"
| #define PACKAGE_BUGREPORT "krion@FreeBSD.org"
| #define PACKAGE_URL ""
| #define PACKAGE "libdecaf"
| #define VERSION "0.9.4"
| #define COMPILE_ARGS ""
| #define HAVE_LIBC 1
| #define PROGNAME 1
| #define IM_LITTLE_ENDIAN 1
| #define STDC_HEADERS 1
| #define HAVE_SYS_TYPES_H 1
| #define HAVE_SYS_STAT_H 1
| #define HAVE_STDLIB_H 1
| #define HAVE_STRING_H 1
| #define HAVE_MEMORY_H 1
| #define HAVE_STRINGS_H 1
| #define HAVE_INTTYPES_H 1
| #define HAVE_STDINT_H 1
| #define HAVE_UNISTD_H 1
| #define HAVE_FCNTL_H 1
| #define HAVE_INTTYPES_H 1
| #define HAVE_LIMITS_H 1
| #define HAVE_STDINT_H 1
| #define HAVE_STDLIB_H 1
| #define HAVE_STRING_H 1
| #define HAVE_SYS_PARAM_H 1
| #define HAVE_SYS_TIME_H 1
| #define HAVE_UNISTD_H 1
| #define HAVE_U_INT64_T 1
| #define HAVE_U_INT32_T 1
| #define HAVE_U_INT16_T 1
| #define HAVE_U_INT8_T 1
| /* end confdefs.h.  */
| #include <stdio.h>
| #ifdef HAVE_SYS_TYPES_H
| # include <sys/types.h>
| #endif
| #ifdef HAVE_SYS_STAT_H
| # include <sys/stat.h>
| #endif
| #ifdef STDC_HEADERS
| # include <stdlib.h>
| # include <stddef.h>
| #else
| # ifdef HAVE_STDLIB_H
| #  include <stdlib.h>
| # endif
| #endif
| #ifdef HAVE_STRING_H
| # if !defined STDC_HEADERS && defined HAVE_MEMORY_H
| #  include <memory.h>
| # endif
| # include <string.h>
| #endif
| #ifdef HAVE_STRINGS_H
| # include <strings.h>
| #endif
| #ifdef HAVE_INTTYPES_H
| # include <inttypes.h>
| #endif
| #ifdef HAVE_STDINT_H
| # include <stdint.h>
| #endif
| #ifdef HAVE_UNISTD_H
| # include <unistd.h>
| #endif
| int
| main ()
| {
| if (sizeof ((uint64_t)))
| 	    return 0;
|   ;
|   return 0;
| }
configure:5374: result: yes
configure:5380: checking for uint32_t
configure:5380: cc -c -O2 -g -O2  conftest.c >&5
configure:5380: $? = 0
configure:5380: cc -c -O2 -g -O2  conftest.c >&5
conftest.c:75:23: error: expected expression
if (sizeof ((uint32_t)))
                      ^
1 error generated.
configure:5380: $? = 1
configure: failed program was:
| /* confdefs.h */
| #define PACKAGE_NAME "libdecaf"
| #define PACKAGE_TARNAME "libdecaf"
| #define PACKAGE_VERSION "0.9.4"
| #define PACKAGE_STRING "libdecaf 0.9.4"
| #define PACKAGE_BUGREPORT "krion@FreeBSD.org"
| #define PACKAGE_URL ""
| #define PACKAGE "libdecaf"
| #define VERSION "0.9.4"
| #define COMPILE_ARGS ""
| #define HAVE_LIBC 1
| #define PROGNAME 1
| #define IM_LITTLE_ENDIAN 1
| #define STDC_HEADERS 1
| #define HAVE_SYS_TYPES_H 1
| #define HAVE_SYS_STAT_H 1
| #define HAVE_STDLIB_H 1
| #define HAVE_STRING_H 1
| #define HAVE_MEMORY_H 1
| #define HAVE_STRINGS_H 1
| #define HAVE_INTTYPES_H 1
| #define HAVE_STDINT_H 1
| #define HAVE_UNISTD_H 1
| #define HAVE_FCNTL_H 1
| #define HAVE_INTTYPES_H 1
| #define HAVE_LIMITS_H 1
| #define HAVE_STDINT_H 1
| #define HAVE_STDLIB_H 1
| #define HAVE_STRING_H 1
| #define HAVE_SYS_PARAM_H 1
| #define HAVE_SYS_TIME_H 1
| #define HAVE_UNISTD_H 1
| #define HAVE_U_INT64_T 1
| #define HAVE_U_INT32_T 1
| #define HAVE_U_INT16_T 1
| #define HAVE_U_INT8_T 1
| #define HAVE_UINT64_T 1
| /* end confdefs.h.  */
| #include <stdio.h>
| #ifdef HAVE_SYS_TYPES_H
| # include <sys/types.h>
| #endif
| #ifdef HAVE_SYS_STAT_H
| # include <sys/stat.h>
| #endif
| #ifdef STDC_HEADERS
| # include <stdlib.h>
| # include <stddef.h>
| #else
| # ifdef HAVE_STDLIB_H
| #  include <stdlib.h>
| # endif
| #endif
| #ifdef HAVE_STRING_H
| # if !defined STDC_HEADERS && defined HAVE_MEMORY_H
| #  include <memory.h>
| # endif
| # include <string.h>
| #endif
| #ifdef HAVE_STRINGS_H
| # include <strings.h>
| #endif
| #ifdef HAVE_INTTYPES_H
| # include <inttypes.h>
| #endif
| #ifdef HAVE_STDINT_H
| # include <stdint.h>
| #endif
| #ifdef HAVE_UNISTD_H
| # include <unistd.h>
| #endif
| int
| main ()
| {
| if (sizeof ((uint32_t)))
| 	    return 0;
|   ;
|   return 0;
| }
configure:5380: result: yes
configure:5386: checking for uint16_t
configure:5386: cc -c -O2 -g -O2  conftest.c >&5
configure:5386: $? = 0
configure:5386: cc -c -O2 -g -O2  conftest.c >&5
conftest.c:76:23: error: expected expression
if (sizeof ((uint16_t)))
                      ^
1 error generated.
configure:5386: $? = 1
configure: failed program was:
| /* confdefs.h */
| #define PACKAGE_NAME "libdecaf"
| #define PACKAGE_TARNAME "libdecaf"
| #define PACKAGE_VERSION "0.9.4"
| #define PACKAGE_STRING "libdecaf 0.9.4"
| #define PACKAGE_BUGREPORT "krion@FreeBSD.org"
| #define PACKAGE_URL ""
| #define PACKAGE "libdecaf"
| #define VERSION "0.9.4"
| #define COMPILE_ARGS ""
| #define HAVE_LIBC 1
| #define PROGNAME 1
| #define IM_LITTLE_ENDIAN 1
| #define STDC_HEADERS 1
| #define HAVE_SYS_TYPES_H 1
| #define HAVE_SYS_STAT_H 1
| #define HAVE_STDLIB_H 1
| #define HAVE_STRING_H 1
| #define HAVE_MEMORY_H 1
| #define HAVE_STRINGS_H 1
| #define HAVE_INTTYPES_H 1
| #define HAVE_STDINT_H 1
| #define HAVE_UNISTD_H 1
| #define HAVE_FCNTL_H 1
| #define HAVE_INTTYPES_H 1
| #define HAVE_LIMITS_H 1
| #define HAVE_STDINT_H 1
| #define HAVE_STDLIB_H 1
| #define HAVE_STRING_H 1
| #define HAVE_SYS_PARAM_H 1
| #define HAVE_SYS_TIME_H 1
| #define HAVE_UNISTD_H 1
| #define HAVE_U_INT64_T 1
| #define HAVE_U_INT32_T 1
| #define HAVE_U_INT16_T 1
| #define HAVE_U_INT8_T 1
| #define HAVE_UINT64_T 1
| #define HAVE_UINT32_T 1
| /* end confdefs.h.  */
| #include <stdio.h>
| #ifdef HAVE_SYS_TYPES_H
| # include <sys/types.h>
| #endif
| #ifdef HAVE_SYS_STAT_H
| # include <sys/stat.h>
| #endif
| #ifdef STDC_HEADERS
| # include <stdlib.h>
| # include <stddef.h>
| #else
| # ifdef HAVE_STDLIB_H
| #  include <stdlib.h>
| # endif
| #endif
| #ifdef HAVE_STRING_H
| # if !defined STDC_HEADERS && defined HAVE_MEMORY_H
| #  include <memory.h>
| # endif
| # include <string.h>
| #endif
| #ifdef HAVE_STRINGS_H
| # include <strings.h>
| #endif
| #ifdef HAVE_INTTYPES_H
| # include <inttypes.h>
| #endif
| #ifdef HAVE_STDINT_H
| # include <stdint.h>
| #endif
| #ifdef HAVE_UNISTD_H
| # include <unistd.h>
| #endif
| int
| main ()
| {
| if (sizeof ((uint16_t)))
| 	    return 0;
|   ;
|   return 0;
| }
configure:5386: result: yes
configure:5392: checking for uint8_t
configure:5392: cc -c -O2 -g -O2  conftest.c >&5
configure:5392: $? = 0
configure:5392: cc -c -O2 -g -O2  conftest.c >&5
conftest.c:77:22: error: expected expression
if (sizeof ((uint8_t)))
                     ^
1 error generated.
configure:5392: $? = 1
configure: failed program was:
| /* confdefs.h */
| #define PACKAGE_NAME "libdecaf"
| #define PACKAGE_TARNAME "libdecaf"
| #define PACKAGE_VERSION "0.9.4"
| #define PACKAGE_STRING "libdecaf 0.9.4"
| #define PACKAGE_BUGREPORT "krion@FreeBSD.org"
| #define PACKAGE_URL ""
| #define PACKAGE "libdecaf"
| #define VERSION "0.9.4"
| #define COMPILE_ARGS ""
| #define HAVE_LIBC 1
| #define PROGNAME 1
| #define IM_LITTLE_ENDIAN 1
| #define STDC_HEADERS 1
| #define HAVE_SYS_TYPES_H 1
| #define HAVE_SYS_STAT_H 1
| #define HAVE_STDLIB_H 1
| #define HAVE_STRING_H 1
| #define HAVE_MEMORY_H 1
| #define HAVE_STRINGS_H 1
| #define HAVE_INTTYPES_H 1
| #define HAVE_STDINT_H 1
| #define HAVE_UNISTD_H 1
| #define HAVE_FCNTL_H 1
| #define HAVE_INTTYPES_H 1
| #define HAVE_LIMITS_H 1
| #define HAVE_STDINT_H 1
| #define HAVE_STDLIB_H 1
| #define HAVE_STRING_H 1
| #define HAVE_SYS_PARAM_H 1
| #define HAVE_SYS_TIME_H 1
| #define HAVE_UNISTD_H 1
| #define HAVE_U_INT64_T 1
| #define HAVE_U_INT32_T 1
| #define HAVE_U_INT16_T 1
| #define HAVE_U_INT8_T 1
| #define HAVE_UINT64_T 1
| #define HAVE_UINT32_T 1
| #define HAVE_UINT16_T 1
| /* end confdefs.h.  */
| #include <stdio.h>
| #ifdef HAVE_SYS_TYPES_H
| # include <sys/types.h>
| #endif
| #ifdef HAVE_SYS_STAT_H
| # include <sys/stat.h>
| #endif
| #ifdef STDC_HEADERS
| # include <stdlib.h>
| # include <stddef.h>
| #else
| # ifdef HAVE_STDLIB_H
| #  include <stdlib.h>
| # endif
| #endif
| #ifdef HAVE_STRING_H
| # if !defined STDC_HEADERS && defined HAVE_MEMORY_H
| #  include <memory.h>
| # endif
| # include <string.h>
| #endif
| #ifdef HAVE_STRINGS_H
| # include <strings.h>
| #endif
| #ifdef HAVE_INTTYPES_H
| # include <inttypes.h>
| #endif
| #ifdef HAVE_STDINT_H
| # include <stdint.h>
| #endif
| #ifdef HAVE_UNISTD_H
| # include <unistd.h>
| #endif
| int
| main ()
| {
| if (sizeof ((uint8_t)))
| 	    return 0;
|   ;
|   return 0;
| }
configure:5392: result: yes
configure:5399: checking whether to enable 64bit counters
configure:5416: result: yes
configure:5426: checking return type of signal handlers
configure:5444: cc -c -O2 -g -O2  conftest.c >&5
conftest.c:49:8: error: indirection requires pointer operand ('void' invalid)
return *(signal (0, 0)) (0) == 1;
       ^~~~~~~~~~~~~~~~~~~~
1 error generated.
configure:5444: $? = 1
configure: failed program was:
| /* confdefs.h */
| #define PACKAGE_NAME "libdecaf"
| #define PACKAGE_TARNAME "libdecaf"
| #define PACKAGE_VERSION "0.9.4"
| #define PACKAGE_STRING "libdecaf 0.9.4"
| #define PACKAGE_BUGREPORT "krion@FreeBSD.org"
| #define PACKAGE_URL ""
| #define PACKAGE "libdecaf"
| #define VERSION "0.9.4"
| #define COMPILE_ARGS ""
| #define HAVE_LIBC 1
| #define PROGNAME 1
| #define IM_LITTLE_ENDIAN 1
| #define STDC_HEADERS 1
| #define HAVE_SYS_TYPES_H 1
| #define HAVE_SYS_STAT_H 1
| #define HAVE_STDLIB_H 1
| #define HAVE_STRING_H 1
| #define HAVE_MEMORY_H 1
| #define HAVE_STRINGS_H 1
| #define HAVE_INTTYPES_H 1
| #define HAVE_STDINT_H 1
| #define HAVE_UNISTD_H 1
| #define HAVE_FCNTL_H 1
| #define HAVE_INTTYPES_H 1
| #define HAVE_LIMITS_H 1
| #define HAVE_STDINT_H 1
| #define HAVE_STDLIB_H 1
| #define HAVE_STRING_H 1
| #define HAVE_SYS_PARAM_H 1
| #define HAVE_SYS_TIME_H 1
| #define HAVE_UNISTD_H 1
| #define HAVE_U_INT64_T 1
| #define HAVE_U_INT32_T 1
| #define HAVE_U_INT16_T 1
| #define HAVE_U_INT8_T 1
| #define HAVE_UINT64_T 1
| #define HAVE_UINT32_T 1
| #define HAVE_UINT16_T 1
| #define HAVE_UINT8_T 1
| #define HAVE_64BIT_COUNTERS 1
| /* end confdefs.h.  */
| #include <sys/types.h>
| #include <signal.h>
| 
| int
| main ()
| {
| return *(signal (0, 0)) (0) == 1;
|   ;
|   return 0;
| }
configure:5451: result: void
configure:5461: checking for stdlib.h
configure:5461: result: yes
configure:5471: checking for GNU libc compatible malloc
configure:5495: cc -o conftest -O2 -g -O2  -Wl,--export-dynamic  conftest.c -lc  >&5
configure:5495: $? = 0
configure:5495: ./conftest
configure:5495: $? = 0
configure:5505: result: yes
configure:5529: checking for gettimeofday
configure:5529: cc -o conftest -O2 -g -O2  -Wl,--export-dynamic  conftest.c -lc  >&5
configure:5529: $? = 0
configure:5529: result: yes
configure:5529: checking for memmove
configure:5529: cc -o conftest -O2 -g -O2  -Wl,--export-dynamic  conftest.c -lc  >&5
conftest.c:70:6: warning: incompatible redeclaration of library function 'memmove' [-Wincompatible-library-redeclaration]
char memmove ();
     ^
conftest.c:70:6: note: 'memmove' is a builtin with type 'void *(void *, const void *, unsigned long)'
1 warning generated.
configure:5529: $? = 0
configure:5529: result: yes
configure:5529: checking for memset
configure:5529: cc -o conftest -O2 -g -O2  -Wl,--export-dynamic  conftest.c -lc  >&5
conftest.c:71:6: warning: incompatible redeclaration of library function 'memset' [-Wincompatible-library-redeclaration]
char memset ();
     ^
conftest.c:71:6: note: 'memset' is a builtin with type 'void *(void *, int, unsigned long)'
1 warning generated.
configure:5529: $? = 0
configure:5529: result: yes
configure:5529: checking for pow
configure:5529: cc -o conftest -O2 -g -O2  -Wl,--export-dynamic  conftest.c -lc  >&5
conftest.c:72:6: warning: incompatible redeclaration of library function 'pow' [-Wincompatible-library-redeclaration]
char pow ();
     ^
conftest.c:72:6: note: 'pow' is a builtin with type 'double (double, double)'
1 warning generated.
/tmp/conftest-9f47bb.o: In function `main':
/home/krion/libdecaf-0.9.4/conftest.c:83: undefined reference to `pow'
cc: error: linker command failed with exit code 1 (use -v to see invocation)
configure:5529: $? = 1
configure: failed program was:
| /* confdefs.h */
| #define PACKAGE_NAME "libdecaf"
| #define PACKAGE_TARNAME "libdecaf"
| #define PACKAGE_VERSION "0.9.4"
| #define PACKAGE_STRING "libdecaf 0.9.4"
| #define PACKAGE_BUGREPORT "krion@FreeBSD.org"
| #define PACKAGE_URL ""
| #define PACKAGE "libdecaf"
| #define VERSION "0.9.4"
| #define COMPILE_ARGS ""
| #define HAVE_LIBC 1
| #define PROGNAME 1
| #define IM_LITTLE_ENDIAN 1
| #define STDC_HEADERS 1
| #define HAVE_SYS_TYPES_H 1
| #define HAVE_SYS_STAT_H 1
| #define HAVE_STDLIB_H 1
| #define HAVE_STRING_H 1
| #define HAVE_MEMORY_H 1
| #define HAVE_STRINGS_H 1
| #define HAVE_INTTYPES_H 1
| #define HAVE_STDINT_H 1
| #define HAVE_UNISTD_H 1
| #define HAVE_FCNTL_H 1
| #define HAVE_INTTYPES_H 1
| #define HAVE_LIMITS_H 1
| #define HAVE_STDINT_H 1
| #define HAVE_STDLIB_H 1
| #define HAVE_STRING_H 1
| #define HAVE_SYS_PARAM_H 1
| #define HAVE_SYS_TIME_H 1
| #define HAVE_UNISTD_H 1
| #define HAVE_U_INT64_T 1
| #define HAVE_U_INT32_T 1
| #define HAVE_U_INT16_T 1
| #define HAVE_U_INT8_T 1
| #define HAVE_UINT64_T 1
| #define HAVE_UINT32_T 1
| #define HAVE_UINT16_T 1
| #define HAVE_UINT8_T 1
| #define HAVE_64BIT_COUNTERS 1
| #define RETSIGTYPE void
| #define HAVE_STDLIB_H 1
| #define HAVE_MALLOC 1
| #define HAVE_GETTIMEOFDAY 1
| #define HAVE_MEMMOVE 1
| #define HAVE_MEMSET 1
| /* end confdefs.h.  */
| /* Define pow to an innocuous variant, in case <limits.h> declares pow.
|    For example, HP-UX 11i <limits.h> declares gettimeofday.  */
| #define pow innocuous_pow
| 
| /* System header to define __stub macros and hopefully few prototypes,
|     which can conflict with char pow (); below.
|     Prefer <limits.h> to <assert.h> if __STDC__ is defined, since
|     <limits.h> exists even on freestanding compilers.  */
| 
| #ifdef __STDC__
| # include <limits.h>
| #else
| # include <assert.h>
| #endif
| 
| #undef pow
| 
| /* Override any GCC internal prototype to avoid an error.
|    Use char because int might match the return type of a GCC
|    builtin and then its argument prototype would still apply.  */
| #ifdef __cplusplus
| extern "C"
| #endif
| char pow ();
| /* The GNU C library defines this for functions which it implements
|     to always fail with ENOSYS.  Some functions are actually named
|     something starting with __ and the normal name is an alias.  */
| #if defined __stub_pow || defined __stub___pow
| choke me
| #endif
| 
| int
| main ()
| {
| return pow ();
|   ;
|   return 0;
| }
configure:5529: result: no
configure:5529: checking for sqrt
configure:5529: cc -o conftest -O2 -g -O2  -Wl,--export-dynamic  conftest.c -lc  >&5
conftest.c:72:6: warning: incompatible redeclaration of library function 'sqrt' [-Wincompatible-library-redeclaration]
char sqrt ();
     ^
conftest.c:72:6: note: 'sqrt' is a builtin with type 'double (double)'
1 warning generated.
/tmp/conftest-32ed98.o: In function `main':
/home/krion/libdecaf-0.9.4/conftest.c:83: undefined reference to `sqrt'
cc: error: linker command failed with exit code 1 (use -v to see invocation)
configure:5529: $? = 1
configure: failed program was:
| /* confdefs.h */
| #define PACKAGE_NAME "libdecaf"
| #define PACKAGE_TARNAME "libdecaf"
| #define PACKAGE_VERSION "0.9.4"
| #define PACKAGE_STRING "libdecaf 0.9.4"
| #define PACKAGE_BUGREPORT "krion@FreeBSD.org"
| #define PACKAGE_URL ""
| #define PACKAGE "libdecaf"
| #define VERSION "0.9.4"
| #define COMPILE_ARGS ""
| #define HAVE_LIBC 1
| #define PROGNAME 1
| #define IM_LITTLE_ENDIAN 1
| #define STDC_HEADERS 1
| #define HAVE_SYS_TYPES_H 1
| #define HAVE_SYS_STAT_H 1
| #define HAVE_STDLIB_H 1
| #define HAVE_STRING_H 1
| #define HAVE_MEMORY_H 1
| #define HAVE_STRINGS_H 1
| #define HAVE_INTTYPES_H 1
| #define HAVE_STDINT_H 1
| #define HAVE_UNISTD_H 1
| #define HAVE_FCNTL_H 1
| #define HAVE_INTTYPES_H 1
| #define HAVE_LIMITS_H 1
| #define HAVE_STDINT_H 1
| #define HAVE_STDLIB_H 1
| #define HAVE_STRING_H 1
| #define HAVE_SYS_PARAM_H 1
| #define HAVE_SYS_TIME_H 1
| #define HAVE_UNISTD_H 1
| #define HAVE_U_INT64_T 1
| #define HAVE_U_INT32_T 1
| #define HAVE_U_INT16_T 1
| #define HAVE_U_INT8_T 1
| #define HAVE_UINT64_T 1
| #define HAVE_UINT32_T 1
| #define HAVE_UINT16_T 1
| #define HAVE_UINT8_T 1
| #define HAVE_64BIT_COUNTERS 1
| #define RETSIGTYPE void
| #define HAVE_STDLIB_H 1
| #define HAVE_MALLOC 1
| #define HAVE_GETTIMEOFDAY 1
| #define HAVE_MEMMOVE 1
| #define HAVE_MEMSET 1
| /* end confdefs.h.  */
| /* Define sqrt to an innocuous variant, in case <limits.h> declares sqrt.
|    For example, HP-UX 11i <limits.h> declares gettimeofday.  */
| #define sqrt innocuous_sqrt
| 
| /* System header to define __stub macros and hopefully few prototypes,
|     which can conflict with char sqrt (); below.
|     Prefer <limits.h> to <assert.h> if __STDC__ is defined, since
|     <limits.h> exists even on freestanding compilers.  */
| 
| #ifdef __STDC__
| # include <limits.h>
| #else
| # include <assert.h>
| #endif
| 
| #undef sqrt
| 
| /* Override any GCC internal prototype to avoid an error.
|    Use char because int might match the return type of a GCC
|    builtin and then its argument prototype would still apply.  */
| #ifdef __cplusplus
| extern "C"
| #endif
| char sqrt ();
| /* The GNU C library defines this for functions which it implements
|     to always fail with ENOSYS.  Some functions are actually named
|     something starting with __ and the normal name is an alias.  */
| #if defined __stub_sqrt || defined __stub___sqrt
| choke me
| #endif
| 
| int
| main ()
| {
| return sqrt ();
|   ;
|   return 0;
| }
configure:5529: result: no
configure:5708: checking that generated files are newer than configure
configure:5714: result: done
configure:5741: creating ./config.status

## ---------------------- ##
## Running config.status. ##
## ---------------------- ##

This file was extended by libdecaf config.status 0.9.4, which was
generated by GNU Autoconf 2.69.  Invocation command line was

  CONFIG_FILES    = 
  CONFIG_HEADERS  = 
  CONFIG_LINKS    = 
  CONFIG_COMMANDS = 
  $ ./config.status 

on krion.cc

config.status:788: creating Makefile
config.status:960: executing depfiles commands

## ---------------- ##
## Cache variables. ##
## ---------------- ##

ac_cv_c_compiler_gnu=yes
ac_cv_cxx_compiler_gnu=yes
ac_cv_endianess=little
ac_cv_env_CCC_set=''
ac_cv_env_CCC_value=''
ac_cv_env_CC_set=''
ac_cv_env_CC_value=''
ac_cv_env_CFLAGS_set=''
ac_cv_env_CFLAGS_value=''
ac_cv_env_CPPFLAGS_set=''
ac_cv_env_CPPFLAGS_value=''
ac_cv_env_CPP_set=''
ac_cv_env_CPP_value=''
ac_cv_env_CXXFLAGS_set=''
ac_cv_env_CXXFLAGS_value=''
ac_cv_env_CXX_set=''
ac_cv_env_CXX_value=''
ac_cv_env_LDFLAGS_set=''
ac_cv_env_LDFLAGS_value=''
ac_cv_env_LIBS_set=''
ac_cv_env_LIBS_value=''
ac_cv_env_build_alias_set=''
ac_cv_env_build_alias_value=''
ac_cv_env_host_alias_set=''
ac_cv_env_host_alias_value=''
ac_cv_env_target_alias_set=''
ac_cv_env_target_alias_value=''
ac_cv_func_dlopen=yes
ac_cv_func_gettimeofday=yes
ac_cv_func_malloc_0_nonnull=yes
ac_cv_func_memmove=yes
ac_cv_func_memset=yes
ac_cv_func_pow=no
ac_cv_func_sqrt=no
ac_cv_header_fcntl_h=yes
ac_cv_header_inttypes_h=yes
ac_cv_header_limits_h=yes
ac_cv_header_memory_h=yes
ac_cv_header_stdc=yes
ac_cv_header_stdint_h=yes
ac_cv_header_stdlib_h=yes
ac_cv_header_string_h=yes
ac_cv_header_strings_h=yes
ac_cv_header_sys_param_h=yes
ac_cv_header_sys_stat_h=yes
ac_cv_header_sys_time_h=yes
ac_cv_header_sys_types_h=yes
ac_cv_header_unistd_h=yes
ac_cv_lib_c_main=yes
ac_cv_lib_decaf_main=no
ac_cv_lib_dl_dlopen=no
ac_cv_objext=o
ac_cv_path_EGREP='/usr/bin/grep -E'
ac_cv_path_GREP=/usr/bin/grep
ac_cv_path_install='/usr/bin/install -c'
ac_cv_prog_AWK=gawk
ac_cv_prog_CC=cc
ac_cv_prog_CPP='cc -E'
ac_cv_prog_MAKE=gmake
ac_cv_prog_ac_ct_CXX=c++
ac_cv_prog_cc_c89=''
ac_cv_prog_cc_g=yes
ac_cv_prog_cxx_g=yes
ac_cv_prog_make_gmake_set=yes
ac_cv_prog_make_make_set=yes
ac_cv_type_signal=void
ac_cv_type_u_int16_t=yes
ac_cv_type_u_int32_t=yes
ac_cv_type_u_int64_t=yes
ac_cv_type_u_int8_t=yes
ac_cv_type_uint16_t=yes
ac_cv_type_uint32_t=yes
ac_cv_type_uint64_t=yes
ac_cv_type_uint8_t=yes
ac_cv_unaligned=ok
am_cv_CC_dependencies_compiler_type=none
am_cv_CXX_dependencies_compiler_type=none
am_cv_make_support_nested_variables=yes
am_cv_prog_cc_c_o=yes

## ----------------- ##
## Output variables. ##
## ----------------- ##

ACLOCAL='${SHELL} /home/krion/libdecaf-0.9.4/missing aclocal-1.15'
AMDEPBACKSLASH='\'
AMDEP_FALSE='#'
AMDEP_TRUE=''
AMTAR='$${TAR-tar}'
AM_BACKSLASH='\'
AM_DEFAULT_V='$(AM_DEFAULT_VERBOSITY)'
AM_DEFAULT_VERBOSITY='1'
AM_V='$(V)'
AUTOCONF='${SHELL} /home/krion/libdecaf-0.9.4/missing autoconf'
AUTOHEADER='${SHELL} /home/krion/libdecaf-0.9.4/missing autoheader'
AUTOMAKE='${SHELL} /home/krion/libdecaf-0.9.4/missing automake-1.15'
AWK='gawk'
CC='cc'
CCDEPMODE='depmode=none'
CFLAGS='-O2 -g -O2 '
CPP='cc -E'
CPPFLAGS=''
CXX='c++'
CXXDEPMODE='depmode=none'
CXXFLAGS='-g -O2'
CYGPATH_W='echo'
DEFS='-DPACKAGE_NAME=\"libdecaf\" -DPACKAGE_TARNAME=\"libdecaf\" -DPACKAGE_VERSION=\"0.9.4\" -DPACKAGE_STRING=\"libdecaf\ 0.9.4\" -DPACKAGE_BUGREPORT=\"krion@FreeBSD.org\" -DPACKAGE_URL=\"\" -DPACKAGE=\"libdecaf\" -DVERSION=\"0.9.4\" -DCOMPILE_ARGS=\"\" -DHAVE_LIBC=1 -DPROGNAME=1 -DIM_LITTLE_ENDIAN=1 -DSTDC_HEADERS=1 -DHAVE_SYS_TYPES_H=1 -DHAVE_SYS_STAT_H=1 -DHAVE_STDLIB_H=1 -DHAVE_STRING_H=1 -DHAVE_MEMORY_H=1 -DHAVE_STRINGS_H=1 -DHAVE_INTTYPES_H=1 -DHAVE_STDINT_H=1 -DHAVE_UNISTD_H=1 -DHAVE_FCNTL_H=1 -DHAVE_INTTYPES_H=1 -DHAVE_LIMITS_H=1 -DHAVE_STDINT_H=1 -DHAVE_STDLIB_H=1 -DHAVE_STRING_H=1 -DHAVE_SYS_PARAM_H=1 -DHAVE_SYS_TIME_H=1 -DHAVE_UNISTD_H=1 -DHAVE_U_INT64_T=1 -DHAVE_U_INT32_T=1 -DHAVE_U_INT16_T=1 -DHAVE_U_INT8_T=1 -DHAVE_UINT64_T=1 -DHAVE_UINT32_T=1 -DHAVE_UINT16_T=1 -DHAVE_UINT8_T=1 -DHAVE_64BIT_COUNTERS=1 -DRETSIGTYPE=void -DHAVE_STDLIB_H=1 -DHAVE_MALLOC=1 -DHAVE_GETTIMEOFDAY=1 -DHAVE_MEMMOVE=1 -DHAVE_MEMSET=1'
DEPDIR='.deps'
ECHO_C=''
ECHO_N='-n'
ECHO_T=''
EGREP='/usr/bin/grep -E'
EXEEXT=''
GREP='/usr/bin/grep'
INSTALL_DATA='${INSTALL} -m 644'
INSTALL_PROGRAM='${INSTALL}'
INSTALL_SCRIPT='${INSTALL}'
INSTALL_STRIP_PROGRAM='$(install_sh) -c -s'
LDFLAGS='-Wl,--export-dynamic '
LIBOBJS=''
LIBS='-lc '
LN_S='ln -s'
LTLIBOBJS=''
MAKE='gmake'
MAKEINFO='${SHELL} /home/krion/libdecaf-0.9.4/missing makeinfo'
MKDIR_P='./install-sh -c -d'
OBJEXT='o'
PACKAGE='libdecaf'
PACKAGE_BUGREPORT='krion@FreeBSD.org'
PACKAGE_NAME='libdecaf'
PACKAGE_STRING='libdecaf 0.9.4'
PACKAGE_TARNAME='libdecaf'
PACKAGE_URL=''
PACKAGE_VERSION='0.9.4'
PATH_SEPARATOR=':'
SET_MAKE=''
SHELL='/bin/sh'
STRIP=''
VERSION='0.9.4'
ac_ct_CC=''
ac_ct_CXX='c++'
am__EXEEXT_FALSE=''
am__EXEEXT_TRUE='#'
am__fastdepCC_FALSE=''
am__fastdepCC_TRUE='#'
am__fastdepCXX_FALSE=''
am__fastdepCXX_TRUE='#'
am__include='include'
am__isrc=''
am__leading_dot='.'
am__nodep='_no'
am__quote=''
am__tar='$${TAR-tar} chof - "$$tardir"'
am__untar='$${TAR-tar} xf -'
bindir='${exec_prefix}/bin'
build_alias=''
datadir='${datarootdir}'
datarootdir='${prefix}/share'
docdir='${datarootdir}/doc/${PACKAGE_TARNAME}'
dvidir='${docdir}'
exec_prefix='${prefix}'
host_alias=''
htmldir='${docdir}'
includedir='${prefix}/include'
infodir='${datarootdir}/info'
install_sh='${SHELL} /home/krion/libdecaf-0.9.4/install-sh'
libdir='${exec_prefix}/lib'
libexecdir='${exec_prefix}/libexec'
localedir='${datarootdir}/locale'
localstatedir='${prefix}/var'
mandir='${datarootdir}/man'
mkdir_p='$(MKDIR_P)'
oldincludedir='/usr/include'
pdfdir='${docdir}'
prefix='/usr/local'
program_transform_name='s,x,x,'
psdir='${docdir}'
sbindir='${exec_prefix}/sbin'
sharedstatedir='${prefix}/com'
sysconfdir='${prefix}/etc'
target_alias=''

## ----------- ##
## confdefs.h. ##
## ----------- ##

/* confdefs.h */
#define PACKAGE_NAME "libdecaf"
#define PACKAGE_TARNAME "libdecaf"
#define PACKAGE_VERSION "0.9.4"
#define PACKAGE_STRING "libdecaf 0.9.4"
#define PACKAGE_BUGREPORT "krion@FreeBSD.org"
#define PACKAGE_URL ""
#define PACKAGE "libdecaf"
#define VERSION "0.9.4"
#define COMPILE_ARGS ""
#define HAVE_LIBC 1
#define PROGNAME 1
#define IM_LITTLE_ENDIAN 1
#define STDC_HEADERS 1
#define HAVE_SYS_TYPES_H 1
#define HAVE_SYS_STAT_H 1
#define HAVE_STDLIB_H 1
#define HAVE_STRING_H 1
#define HAVE_MEMORY_H 1
#define HAVE_STRINGS_H 1
#define HAVE_INTTYPES_H 1
#define HAVE_STDINT_H 1
#define HAVE_UNISTD_H 1
#define HAVE_FCNTL_H 1
#define HAVE_INTTYPES_H 1
#define HAVE_LIMITS_H 1
#define HAVE_STDINT_H 1
#define HAVE_STDLIB_H 1
#define HAVE_STRING_H 1
#define HAVE_SYS_PARAM_H 1
#define HAVE_SYS_TIME_H 1
#define HAVE_UNISTD_H 1
#define HAVE_U_INT64_T 1
#define HAVE_U_INT32_T 1
#define HAVE_U_INT16_T 1
#define HAVE_U_INT8_T 1
#define HAVE_UINT64_T 1
#define HAVE_UINT32_T 1
#define HAVE_UINT16_T 1
#define HAVE_UINT8_T 1
#define HAVE_64BIT_COUNTERS 1
#define RETSIGTYPE void
#define HAVE_STDLIB_H 1
#define HAVE_MALLOC 1
#define HAVE_GETTIMEOFDAY 1
#define HAVE_MEMMOVE 1
#define HAVE_MEMSET 1

configure: exit 0
